<?xml version="1.0" encoding="utf-8"?><testsuites name="pytest tests"><testsuite name="pytest" errors="0" failures="0" skipped="0" tests="14" time="12.925" timestamp="2026-09-02T21:23:11.997191+00:00" hostname="agent-env-815f7348-470d-47de-b291-ab9c16e25b5b"><testcase classname="backend.tests.test_activation_nudge_and_og.TestActivationNudge" name="test_brand_gate_not_open" time="5.725" /><testcase classname="backend.tests.test_activation_nudge_and_og.TestActivationNudge" name="test_wallet_gate_not_open" time="1.942" /><testcase classname="backend.tests.test_activation_nudge_and_og.TestActivationNudge" name="test_kyc_gate_not_open" time="2.151" /><testcase classname="backend.tests.test_activation_nudge_and_og.TestActivationNudge" name="test_invalid_gate_returns_400" time="0.875" /><testcase classname="backend.tests.test_activation_nudge_and_og.TestActivationNudge" name="test_unauthenticated_rejected" time="0.128" /><testcase classname="backend.tests.test_activation_nudge_and_og" name="test_og_and_twitter_image_on_marketing_pages[/fees-https://dynopay.com/og/fees.png]" time="0.271" /><testcase classname="backend.tests.test_activation_nudge_and_og" name="test_og_and_twitter_image_on_marketing_pages[/about-https://dynopay.com/og/about.png]" time="0.198" /><testcase classname="backend.tests.test_activation_nudge_and_og" name="test_og_and_twitter_image_on_marketing_pages[/how-to-https://dynopay.com/og/how-to.png]" time="0.187" /><testcase classname="backend.tests.test_activation_nudge_and_og" name="test_og_and_twitter_image_on_marketing_pages[/blog-https://dynopay.com/og/blog.png]" time="0.175" /><testcase classname="backend.tests.test_activation_nudge_and_og" name="test_og_and_twitter_image_on_marketing_pages[/-https://dynopay.com/og/dynopay-og.png]" time="0.360" /><testcase classname="backend.tests.test_activation_nudge_and_og" name="test_og_png_served_1200x630[fees.png]" time="0.213" /><testcase classname="backend.tests.test_activation_nudge_and_og" name="test_og_png_served_1200x630[about.png]" time="0.170" /><testcase classname="backend.tests.test_activation_nudge_and_og" name="test_og_png_served_1200x630[how-to.png]" time="0.152" /><testcase classname="backend.tests.test_activation_nudge_and_og" name="test_og_png_served_1200x630[blog.png]" time="0.311" /></testsuite></testsuites>