<?xml version="1.0" encoding="utf-8"?><testsuites name="pytest tests"><testsuite name="pytest" errors="0" failures="0" skipped="0" tests="8" time="28.816" timestamp="2026-09-09T04:32:46.052951+00:00" hostname="agent-env-0462e6dd-3afc-48cf-bcc4-40328ef3cbdd"><testcase classname="backend.tests.test_brand_delete_otp_flow" name="test_get_companies_list" time="4.556" /><testcase classname="backend.tests.test_brand_delete_otp_flow" name="test_update_company_brand_wording" time="4.305" /><testcase classname="backend.tests.test_brand_delete_otp_flow" name="test_delete_without_otp_returns_400" time="1.067" /><testcase classname="backend.tests.test_brand_delete_otp_flow" name="test_send_otp_on_non_owned_returns_403" time="1.074" /><testcase classname="backend.tests.test_brand_delete_otp_flow" name="test_send_otp_success_shape" time="1.428" /><testcase classname="backend.tests.test_brand_delete_otp_flow" name="test_wrong_otp_then_lockout" time="8.899" /><testcase classname="backend.tests.test_brand_delete_otp_flow" name="test_correct_otp_deletes_brand" time="6.421" /><testcase classname="backend.tests.test_brand_delete_otp_flow" name="test_hero_email_images" time="0.988" /></testsuite></testsuites>