<?xml version="1.0" encoding="utf-8"?><testsuites name="pytest tests"><testsuite name="pytest" errors="0" failures="0" skipped="0" tests="18" time="32.397" timestamp="2026-09-03T11:23:48.670686+00:00" hostname="agent-env-55c5e4b0-20b3-4168-9a76-e9db5629d58a"><testcase classname="backend.tests.test_bugfix_regression_2026_09.TestHealth" name="test_health_internal" time="0.559" /><testcase classname="backend.tests.test_bugfix_regression_2026_09.TestJson404" name="test_unknown_api_route_returns_json_404" time="0.182" /><testcase classname="backend.tests.test_bugfix_regression_2026_09.TestLogin" name="test_login_returns_access_token" time="2.916" /><testcase classname="backend.tests.test_bugfix_regression_2026_09.TestAuthenticatedGets" name="test_no_company_id_gets[/api/company/getCompany]" time="1.380" /><testcase classname="backend.tests.test_bugfix_regression_2026_09.TestAuthenticatedGets" name="test_no_company_id_gets[/api/user/profile]" time="1.879" /><testcase classname="backend.tests.test_bugfix_regression_2026_09.TestAuthenticatedGets" name="test_no_company_id_gets[/api/notifications/unread-count]" time="0.428" /><testcase classname="backend.tests.test_bugfix_regression_2026_09.TestAuthenticatedGets" name="test_company_scoped_gets[/api/wallet/getWallet?company_id={cid}]" time="2.613" /><testcase classname="backend.tests.test_bugfix_regression_2026_09.TestAuthenticatedGets" name="test_company_scoped_gets[/api/dashboard?company_id={cid}]" time="1.711" /><testcase classname="backend.tests.test_bugfix_regression_2026_09.TestAuthenticatedGets" name="test_company_scoped_gets[/api/dashboard/recent-transactions?company_id={cid}]" time="1.160" /><testcase classname="backend.tests.test_bugfix_regression_2026_09.TestAuthenticatedGets" name="test_company_scoped_gets[/api/dashboard/fee-tiers?company_id={cid}]" time="1.700" /><testcase classname="backend.tests.test_bugfix_regression_2026_09.TestAuthenticatedGets" name="test_company_scoped_gets[/api/kyc/status?company_id={cid}]" time="0.617" /><testcase classname="backend.tests.test_bugfix_regression_2026_09.TestAuthenticatedGets" name="test_company_scoped_gets[/api/userApi/getApi?company_id={cid}]" time="0.614" /><testcase classname="backend.tests.test_bugfix_regression_2026_09.TestAuthenticatedGets" name="test_company_scoped_gets[/api/pay/getPaymentLinks?company_id={cid}]" time="0.804" /><testcase classname="backend.tests.test_bugfix_regression_2026_09.TestSsrfGuard" name="test_link_local_metadata_blocked" time="0.797" /><testcase classname="backend.tests.test_bugfix_regression_2026_09.TestSsrfGuard" name="test_private_10_net_blocked" time="0.798" /><testcase classname="backend.tests.test_bugfix_regression_2026_09.TestSsrfGuard" name="test_non_http_scheme_blocked" time="0.798" /><testcase classname="backend.tests.test_bugfix_regression_2026_09.TestOtpLockout" name="test_otp_lockout_sequence" time="4.959" /><testcase classname="backend.tests.test_bugfix_regression_2026_09.TestRateLimiter" name="test_429_after_20_forgot_password_hits" time="8.402" /></testsuite></testsuites>