<?xml version="1.0" encoding="utf-8"?><testsuites name="pytest tests"><testsuite name="pytest" errors="0" failures="0" skipped="0" tests="3" time="2.177" timestamp="2026-07-14T03:17:27.724543+00:00" hostname="agent-env-84b64d1d-7b23-411b-822f-15f6bf0dc830"><testcase classname="backend.tests.test_donation_v2_response" name="test_get_payment_links_returns_donation_v2_fields" time="1.631" /><testcase classname="backend.tests.test_donation_v2_response" name="test_campaign_tiers_public_endpoint" time="0.288" /><testcase classname="backend.tests.test_donation_v2_response" name="test_campaign_updates_public_endpoint" time="0.187" /></testsuite></testsuites>