<?xml version="1.0" encoding="utf-8"?><testsuites name="pytest tests"><testsuite name="pytest" errors="0" failures="0" skipped="0" tests="10" time="3.477" timestamp="2026-08-26T03:29:15.930897+00:00" hostname="agent-env-9ce6d8ae-5030-4fe3-992a-47e6471c8db2"><testcase classname="tests.test_flutterwave_webhook_auth" name="test_missing_verif_hash_returns_401[/api/webhook]" time="0.419" /><testcase classname="tests.test_flutterwave_webhook_auth" name="test_missing_verif_hash_returns_401[/api/failed_webhook]" time="0.231" /><testcase classname="tests.test_flutterwave_webhook_auth" name="test_wrong_verif_hash_returns_401[/api/webhook]" time="0.219" /><testcase classname="tests.test_flutterwave_webhook_auth" name="test_wrong_verif_hash_returns_401[/api/failed_webhook]" time="0.193" /><testcase classname="tests.test_flutterwave_webhook_auth" name="test_malformed_body_with_bad_hash_still_401_not_500[/api/webhook]" time="0.227" /><testcase classname="tests.test_flutterwave_webhook_auth" name="test_malformed_body_with_bad_hash_still_401_not_500[/api/failed_webhook]" time="0.225" /><testcase classname="tests.test_flutterwave_webhook_auth" name="test_array_verif_hash_header_rejected[/api/webhook]" time="0.220" /><testcase classname="tests.test_flutterwave_webhook_auth" name="test_array_verif_hash_header_rejected[/api/failed_webhook]" time="0.254" /><testcase classname="tests.test_flutterwave_webhook_auth" name="test_repeated_bad_requests_do_not_break_server" time="1.279" /><testcase classname="tests.test_flutterwave_webhook_auth" name="test_health_still_healthy_after_bad_webhooks" time="0.129" /></testsuite></testsuites>