<?xml version="1.0" encoding="utf-8"?><testsuites name="pytest tests"><testsuite name="pytest" errors="0" failures="1" skipped="0" tests="7" time="4.242" timestamp="2026-08-23T19:44:24.908259+00:00" hostname="agent-env-ee67d377-f5d6-454b-be62-03c867b6e891"><testcase classname="tests.test_language_sync_api" name="test_login_returns_jwt_no_otp" time="1.343" /><testcase classname="tests.test_language_sync_api" name="test_profile_returns_language" time="0.486" /><testcase classname="tests.test_language_sync_api" name="test_put_language_fr_persists" time="0.727" /><testcase classname="tests.test_language_sync_api" name="test_profile_requires_auth" time="0.172" /><testcase classname="tests.test_language_sync_api" name="test_invalid_language_rejected_or_ignored" time="0.876" /><testcase classname="tests.test_language_sync_api" name="test_put_same_language_is_not_idempotent" time="0.279"><failure message="AssertionError: PUT with unchanged language returned 400: {&quot;success&quot;:false,&quot;message&quot;:&quot;No fields to update&quot;,&quot;statusCode&quot;:400}&#10;assert 400 == 200&#10; +  where 400 = &lt;Response [400]&gt;.status_code">E   AssertionError: PUT with unchanged language returned 400: {"success":false,"message":"No fields to update","statusCode":400}
    assert 400 == 200
     +  where 400 = &lt;Response [400]&gt;.status_code</failure></testcase><testcase classname="tests.test_language_sync_api" name="test_zz_restore_language_en" time="0.277" /></testsuite></testsuites>