<?xml version="1.0" encoding="utf-8"?><testsuites name="pytest tests"><testsuite name="pytest" errors="0" failures="0" skipped="0" tests="7" time="3.510" timestamp="2026-09-12T22:07:33.256276+00:00" hostname="agent-env-5971d3b4-2b57-4b3a-95fa-62d99af07664"><testcase classname="backend.tests.test_iter165_share_cards_and_envelope.TestOgImage" name="test_demo_returns_valid_png" time="0.669" /><testcase classname="backend.tests.test_iter165_share_cards_and_envelope.TestOgImage" name="test_shop_jltvisuals_returns_valid_png" time="0.891" /><testcase classname="backend.tests.test_iter165_share_cards_and_envelope.TestOgImage" name="test_shop_devhub_returns_valid_png" time="0.840" /><testcase classname="backend.tests.test_iter165_share_cards_and_envelope.TestOgImage" name="test_no_params_redirects_to_fallback" time="0.311" /><testcase classname="backend.tests.test_iter165_share_cards_and_envelope.TestOgImage" name="test_bad_handle_redirects_to_fallback" time="0.500" /><testcase classname="backend.tests.test_iter165_share_cards_and_envelope.TestErrorEnvelope" name="test_getSupportedCurrency_missing_key_envelope" time="0.118" /><testcase classname="backend.tests.test_iter165_share_cards_and_envelope.TestErrorEnvelope" name="test_getSingleTransaction_missing_key_envelope" time="0.106" /></testsuite></testsuites>