<?xml version="1.0" encoding="utf-8"?><testsuites name="pytest tests"><testsuite name="pytest" errors="0" failures="1" skipped="0" tests="9" time="13.311" timestamp="2026-08-23T15:17:37.628961+00:00" hostname="agent-env-cacd4747-5b3c-423d-8afc-b36e588102df"><testcase classname="backend.tests.test_iter64_split_and_tax.TestAnalyticsSplit" name="test_split_shape_and_rows" time="10.952" /><testcase classname="backend.tests.test_iter64_split_and_tax.TestTaxSettings" name="test_get_tax_company62_inherits_account" time="0.225"><failure message="AssertionError: {'default_apply_tax': True, 'default_tax_inclusive': False, 'merchant_country_code': 'DE', 'merchant_vat_id': 'DE123456789', ...}&#10;assert 'company' == 'account'&#10;  &#10;  - account&#10;  + company">backend/tests/test_iter64_split_and_tax.py:78: in test_get_tax_company62_inherits_account
    assert d.get("source") == "account", d
E   AssertionError: {'default_apply_tax': True, 'default_tax_inclusive': False, 'merchant_country_code': 'DE', 'merchant_vat_id': 'DE123456789', ...}
E   assert 'company' == 'account'
E     
E     - account
E     + company</failure></testcase><testcase classname="backend.tests.test_iter64_split_and_tax.TestTaxSettings" name="test_get_tax_company1_source_account" time="0.341" /><testcase classname="backend.tests.test_iter64_split_and_tax.TestTaxSettings" name="test_patch_tax_company62_writes_company_scope" time="0.311" /><testcase classname="backend.tests.test_iter64_split_and_tax.TestTaxSettings" name="test_isolation_company1_still_account" time="0.309" /><testcase classname="backend.tests.test_iter64_split_and_tax.TestTaxSettings" name="test_patch_invalid_country_400" time="0.194" /><testcase classname="backend.tests.test_iter64_split_and_tax.TestRegressions" name="test_profile_company1_hostbay" time="0.247" /><testcase classname="backend.tests.test_iter64_split_and_tax.TestRegressions" name="test_profile_company62_pending" time="0.278" /><testcase classname="backend.tests.test_iter64_split_and_tax.TestRegressions" name="test_public_shop_hostbay_200" time="0.319" /></testsuite></testsuites>