<?xml version="1.0" encoding="utf-8"?><testsuites name="pytest tests"><testsuite name="pytest" errors="0" failures="0" skipped="0" tests="12" time="4.238" timestamp="2026-09-03T23:39:29.308460+00:00" hostname="agent-env-ca6c51ad-10d4-4491-b39b-dd426814946f"><testcase classname="tests.test_iter123_cors_sitemap.TestCorsBlockedOrigin" name="test_post_rsc_malformed_origin" time="0.005" /><testcase classname="tests.test_iter123_cors_sitemap.TestCorsBlockedOrigin" name="test_post_login_evil_origin" time="0.003" /><testcase classname="tests.test_iter123_cors_sitemap.TestCorsBlockedOrigin" name="test_preflight_bad_origin" time="0.002" /><testcase classname="tests.test_iter123_cors_sitemap.TestCorsBlockedOrigin" name="test_preflight_allowed_origin" time="0.002" /><testcase classname="tests.test_iter123_cors_sitemap.TestCorsBlockedOrigin" name="test_get_tickers_allowed_origin" time="0.003" /><testcase classname="tests.test_iter123_cors_sitemap.TestShopSitemapApi" name="test_shop_sitemap" time="0.726" /><testcase classname="tests.test_iter123_cors_sitemap.TestSitemap" name="test_static_pages_present" time="3.420" /><testcase classname="tests.test_iter123_cors_sitemap.TestSitemap" name="test_creator_pages" time="0.000" /><testcase classname="tests.test_iter123_cors_sitemap.TestSitemap" name="test_shop_and_product_entries" time="0.000" /><testcase classname="tests.test_iter123_cors_sitemap.TestSitemap" name="test_fees_has_no_lastmod_blog_has" time="0.000" /><testcase classname="tests.test_iter123_cors_sitemap.TestSitemap" name="test_hreflang_alternates" time="0.000" /><testcase classname="tests.test_iter123_cors_sitemap.TestRobots" name="test_robots" time="0.003" /></testsuite></testsuites>