<?xml version="1.0" encoding="utf-8"?><testsuites name="pytest tests"><testsuite name="pytest" errors="0" failures="0" skipped="0" tests="4" time="14.669" timestamp="2026-09-15T09:12:56.876382+00:00" hostname="agent-env-ddc6a6bd-5e3f-420c-ba6c-ead6ec68a785"><testcase classname="backend.tests.test_wave4_emails_iter179" name="test_visitor_endpoint_is_no_op_200" time="0.128" /><testcase classname="backend.tests.test_wave4_emails_iter179" name="test_login_returns_token_no_500" time="2.972" /><testcase classname="backend.tests.test_wave4_emails_iter179" name="test_authenticated_read_endpoint" time="5.778" /><testcase classname="backend.tests.test_wave4_emails_iter179" name="test_notifications_prefs_confirming_roundtrip" time="5.702" /></testsuite></testsuites>