<?xml version="1.0" encoding="utf-8"?><testsuites name="pytest tests"><testsuite name="pytest" errors="0" failures="0" skipped="0" tests="8" time="3.640" timestamp="2026-08-23T14:52:24.872576+00:00" hostname="agent-env-cacd4747-5b3c-423d-8afc-b36e588102df"><testcase classname="backend.tests.test_storefront_scope_iter63" name="test_profile_klose_pending" time="1.503" /><testcase classname="backend.tests.test_storefront_scope_iter63" name="test_stats_klose_empty" time="0.172" /><testcase classname="backend.tests.test_storefront_scope_iter63" name="test_analytics_klose_empty" time="0.185" /><testcase classname="backend.tests.test_storefront_scope_iter63" name="test_put_profile_klose_blocked" time="0.201" /><testcase classname="backend.tests.test_storefront_scope_iter63" name="test_profile_hostbay_ok" time="0.208" /><testcase classname="backend.tests.test_storefront_scope_iter63" name="test_profile_no_header_defaults_hostbay" time="0.256" /><testcase classname="backend.tests.test_storefront_scope_iter63" name="test_stats_hostbay_has_handle" time="0.728" /><testcase classname="backend.tests.test_storefront_scope_iter63" name="test_analytics_hostbay_has_handle" time="0.314" /></testsuite></testsuites>