<?xml version="1.0" encoding="utf-8"?><testsuites name="pytest tests"><testsuite name="pytest" errors="0" failures="0" skipped="0" tests="20" time="15.087" timestamp="2026-09-03T15:37:34.701577+00:00" hostname="agent-env-55c5e4b0-20b3-4168-9a76-e9db5629d58a"><testcase classname="backend.tests.test_iter120_regression.TestLogin" name="test_login_ok" time="3.088" /><testcase classname="backend.tests.test_iter120_regression.TestWalletOtp" name="test_verifyOtp_missing_otp" time="0.860" /><testcase classname="backend.tests.test_iter120_regression.TestWalletOtp" name="test_verifyOtp_missing_company" time="0.239" /><testcase classname="backend.tests.test_iter120_regression.TestWalletOtp" name="test_verifyOtp_invalid_otp_own_company" time="0.981" /><testcase classname="backend.tests.test_iter120_regression.TestWalletOtp" name="test_verifyOtp_foreign_company" time="0.780" /><testcase classname="backend.tests.test_iter120_regression.TestWalletOtp" name="test_verifyCode_alias_missing_otp" time="0.320" /><testcase classname="backend.tests.test_iter120_regression.TestWalletOtp" name="test_verifyOtp_unauth" time="0.065" /><testcase classname="backend.tests.test_iter120_regression.TestWalletOtp" name="test_validateWalletAddress_ok" time="1.167" /><testcase classname="backend.tests.test_iter120_regression.TestWalletOtp" name="test_validateWalletAddress_unauth" time="0.065" /><testcase classname="backend.tests.test_iter120_regression.TestWalletSudo" name="test_sudo_status_auth" time="0.596" /><testcase classname="backend.tests.test_iter120_regression.TestWalletSudo" name="test_sudo_status_unauth" time="0.060" /><testcase classname="backend.tests.test_iter120_regression.TestResetPassword" name="test_bogus_token" time="0.237" /><testcase classname="backend.tests.test_iter120_regression.TestResetPassword" name="test_empty_token" time="0.236" /><testcase classname="backend.tests.test_iter120_regression.TestResetPassword" name="test_missing_token" time="0.238" /><testcase classname="backend.tests.test_iter120_regression.TestResetPassword" name="test_login_still_works_after_bypass_attempts" time="2.900" /><testcase classname="backend.tests.test_iter120_regression.TestCurrencyRates" name="test_wallet_getCurrencyRates_valid" time="0.243" /><testcase classname="backend.tests.test_iter120_regression.TestCurrencyRates" name="test_wallet_getCurrencyRates_empty_body" time="0.238" /><testcase classname="backend.tests.test_iter120_regression.TestCurrencyRates" name="test_wallet_getCurrencyRates_unknown_currency" time="2.547" /><testcase classname="backend.tests.test_iter120_regression.TestCurrencyRates" name="test_payment_getCurrencyRates_shape" time="0.073" /><testcase classname="backend.tests.test_iter120_regression.TestPublicTickers" name="test_tickers" time="0.059" /></testsuite></testsuites>