<?xml version="1.0" encoding="utf-8"?><testsuites name="pytest tests"><testsuite name="pytest" errors="0" failures="1" skipped="0" tests="4" time="1.399" timestamp="2026-09-12T21:39:04.951169+00:00" hostname="agent-env-5971d3b4-2b57-4b3a-95fa-62d99af07664"><testcase classname="backend.tests.test_iter164_error_envelope_and_og.TestErrorEnvelope" name="test_missing_api_key_returns_envelope_and_request_id" time="0.205" /><testcase classname="backend.tests.test_iter164_error_envelope_and_og.TestErrorEnvelope" name="test_missing_key_on_single_tx_endpoint_also_envelope" time="0.103"><failure message="AssertionError: assert None == 'authentication_error'&#10; +  where None = &lt;built-in method get of dict object at 0xfb23e48810c0&gt;('type')&#10; +    where &lt;built-in method get of dict object at 0xfb23e48810c0&gt; = {}.get">backend/tests/test_iter164_error_envelope_and_og.py:41: in test_missing_key_on_single_tx_endpoint_also_envelope
    assert err.get("type") == "authentication_error"
E   AssertionError: assert None == 'authentication_error'
E    +  where None = &lt;built-in method get of dict object at 0xfb23e48810c0&gt;('type')
E    +    where &lt;built-in method get of dict object at 0xfb23e48810c0&gt; = {}.get</failure></testcase><testcase classname="backend.tests.test_iter164_error_envelope_and_og.TestOgImage" name="test_demo_returns_png" time="0.708" /><testcase classname="backend.tests.test_iter164_error_envelope_and_og.TestOgImage" name="test_no_params_redirects_to_fallback" time="0.297" /></testsuite></testsuites>