<?xml version="1.0" encoding="utf-8"?><testsuites name="pytest tests"><testsuite name="pytest" errors="0" failures="0" skipped="0" tests="19" time="42.570" timestamp="2026-09-14T22:53:06.634379+00:00" hostname="agent-env-344a40b3-ff42-4c97-9de3-1b749ec105fa"><testcase classname="backend.tests.test_dashboard_overview_iter178.TestOverviewShapeBrand1" name="test_status_and_top_keys" time="6.464" /><testcase classname="backend.tests.test_dashboard_overview_iter178.TestOverviewShapeBrand1" name="test_settled_sanity" time="1.778" /><testcase classname="backend.tests.test_dashboard_overview_iter178.TestOverviewShapeBrand1" name="test_health_sanity" time="1.825" /><testcase classname="backend.tests.test_dashboard_overview_iter178.TestOverviewShapeBrand1" name="test_top_sources_sorted_and_capped" time="1.799" /><testcase classname="backend.tests.test_dashboard_overview_iter178.TestOverviewShapeBrand1" name="test_attention_shape" time="1.776" /><testcase classname="backend.tests.test_dashboard_overview_iter178.TestPeriods" name="test_period_echo[today]" time="2.215" /><testcase classname="backend.tests.test_dashboard_overview_iter178.TestPeriods" name="test_period_echo[7d]" time="2.224" /><testcase classname="backend.tests.test_dashboard_overview_iter178.TestPeriods" name="test_period_echo[30d]" time="1.819" /><testcase classname="backend.tests.test_dashboard_overview_iter178.TestPeriods" name="test_period_echo[90d]" time="2.227" /><testcase classname="backend.tests.test_dashboard_overview_iter178.TestPeriods" name="test_period_echo[1y]" time="2.210" /><testcase classname="backend.tests.test_dashboard_overview_iter178.TestPeriods" name="test_unknown_period_falls_back_to_30d" time="1.815" /><testcase classname="backend.tests.test_dashboard_overview_iter178.TestPeriods" name="test_custom_range" time="2.207" /><testcase classname="backend.tests.test_dashboard_overview_iter178.TestOtherBrands" name="test_returns_200[71]" time="2.188" /><testcase classname="backend.tests.test_dashboard_overview_iter178.TestOtherBrands" name="test_returns_200[165]" time="2.182" /><testcase classname="backend.tests.test_dashboard_overview_iter178.TestOtherBrands" name="test_brand_165_webhook_failure" time="1.853" /><testcase classname="backend.tests.test_dashboard_overview_iter178.TestOtherBrands" name="test_brand_71_7d_has_1_settled" time="2.195" /><testcase classname="backend.tests.test_dashboard_overview_iter178.TestAuthz" name="test_no_auth_401" time="0.141" /><testcase classname="backend.tests.test_dashboard_overview_iter178.TestAuthz" name="test_foreign_company_not_500" time="1.420" /><testcase classname="backend.tests.test_dashboard_overview_iter178.TestCaching" name="test_60s_cache_same_generated_at" time="4.152" /></testsuite></testsuites>