<?xml version="1.0" encoding="utf-8"?><testsuites name="pytest tests"><testsuite name="pytest" errors="0" failures="6" skipped="7" tests="36" time="133.817" timestamp="2026-09-03T12:50:51.720670+00:00" hostname="agent-env-55c5e4b0-20b3-4168-9a76-e9db5629d58a"><testcase classname="backend.tests.test_iter119_regression" name="test_api_404_json" time="0.265" /><testcase classname="backend.tests.test_iter119_regression.TestResetPasswordBypass" name="test_bogus_token" time="0.280"><failure message="AssertionError: expected 400 got 429 body={&quot;error&quot;:&quot;Too Many Requests&quot;,&quot;message&quot;:&quot;Rate limit exceeded. Please retry after 113 seconds.&quot;,&quot;retryAfter&quot;:113}&#10;assert 429 == 400&#10; +  where 429 = &lt;Response [429]&gt;.status_code">backend/tests/test_iter119_regression.py:49: in test_bogus_token
    assert r.status_code == 400, f"expected 400 got {r.status_code} body={r.text}"
E   AssertionError: expected 400 got 429 body={"error":"Too Many Requests","message":"Rate limit exceeded. Please retry after 113 seconds.","retryAfter":113}
E   assert 429 == 400
E    +  where 429 = &lt;Response [429]&gt;.status_code</failure></testcase><testcase classname="backend.tests.test_iter119_regression.TestResetPasswordBypass" name="test_empty_token" time="0.268"><failure message="assert 429 == 400&#10; +  where 429 = &lt;Response [429]&gt;.status_code">backend/tests/test_iter119_regression.py:54: in test_empty_token
    assert r.status_code == 400
E   assert 429 == 400
E    +  where 429 = &lt;Response [429]&gt;.status_code</failure></testcase><testcase classname="backend.tests.test_iter119_regression.TestResetPasswordBypass" name="test_missing_token" time="0.274"><failure message="assert 429 == 400&#10; +  where 429 = &lt;Response [429]&gt;.status_code">backend/tests/test_iter119_regression.py:60: in test_missing_token
    assert r.status_code == 400
E   assert 429 == 400
E    +  where 429 = &lt;Response [429]&gt;.status_code</failure></testcase><testcase classname="backend.tests.test_iter119_regression.TestResetPasswordBypass" name="test_login_still_works_after_bypass_attempts" time="3.087" /><testcase classname="backend.tests.test_iter119_regression.TestLegitResetFlow" name="test_1_forgot_password" time="90.690"><failure message="AssertionError: {&quot;error&quot;:&quot;Too Many Requests&quot;,&quot;message&quot;:&quot;Rate limit exceeded. Please retry after 18 seconds.&quot;,&quot;retryAfter&quot;:18}&#10;assert 429 == 200&#10; +  where 429 = &lt;Response [429]&gt;.status_code">backend/tests/test_iter119_regression.py:79: in test_1_forgot_password
    assert r.status_code == 200, r.text
E   AssertionError: {"error":"Too Many Requests","message":"Rate limit exceeded. Please retry after 18 seconds.","retryAfter":18}
E   assert 429 == 200
E    +  where 429 = &lt;Response [429]&gt;.status_code</failure></testcase><testcase classname="backend.tests.test_iter119_regression.TestLegitResetFlow" name="test_2_read_otp_and_verify" time="1.085"><failure message="AssertionError: could not read OTP from redis: stdout='NONE\n' stderr=''&#10;assert None&#10; +  where None = &lt;function fullmatch at 0xfa33fee3ea20&gt;('\\d{6}', 'NONE')&#10; +    where &lt;function fullmatch at 0xfa33fee3ea20&gt; = re.fullmatch">backend/tests/test_iter119_regression.py:92: in test_2_read_otp_and_verify
    assert re.fullmatch(r"\d{6}", otp), f"could not read OTP from redis: stdout={out.stdout!r} stderr={out.stderr!r}"
E   AssertionError: could not read OTP from redis: stdout='NONE\n' stderr=''
E   assert None
E    +  where None = &lt;function fullmatch at 0xfa33fee3ea20&gt;('\\d{6}', 'NONE')
E    +    where &lt;function fullmatch at 0xfa33fee3ea20&gt; = re.fullmatch</failure></testcase><testcase classname="backend.tests.test_iter119_regression.TestLegitResetFlow" name="test_3_reset_uses_session_identity" time="0.000"><failure message="AssertionError: no reset session token available&#10;assert None">backend/tests/test_iter119_regression.py:103: in test_3_reset_uses_session_identity
    assert tok, "no reset session token available"
E   AssertionError: no reset session token available
E   assert None</failure></testcase><testcase classname="backend.tests.test_iter119_regression.TestLegitResetFlow" name="test_4_reused_token_rejected" time="0.266"><skipped type="pytest.skip" message="reset-password IP rate limit; token-reuse guarded by session key which is deleted after use">/app/backend/tests/test_iter119_regression.py:124: reset-password IP rate limit; token-reuse guarded by session key which is deleted after use</skipped></testcase><testcase classname="backend.tests.test_iter119_regression.TestLegitResetFlow" name="test_5_login_still_works" time="4.051" /><testcase classname="backend.tests.test_iter119_regression.TestOtpLockoutAlert" name="test_lockout_after_5_wrong" time="0.305"><skipped type="pytest.skip" message="IP forgot-password rate limit exhausted by prior test runs">/app/backend/tests/test_iter119_regression.py:140: IP forgot-password rate limit exhausted by prior test runs</skipped></testcase><testcase classname="backend.tests.test_iter119_regression.TestOtpLockoutAlert" name="test_alert_log_or_deduped" time="1.936" /><testcase classname="backend.tests.test_iter119_regression" name="test_authenticated_read_no_nan[GET-/api/company/getCompany-None-None]" time="4.457" /><testcase classname="backend.tests.test_iter119_regression" name="test_authenticated_read_no_nan[GET-/api/wallet/getWallet?company_id=1-None-wallet_getWallet_company_id_1]" time="1.941" /><testcase classname="backend.tests.test_iter119_regression" name="test_authenticated_read_no_nan[GET-/api/dashboard?company_id=1-None-dashboard_company_id_1]" time="1.964" /><testcase classname="backend.tests.test_iter119_regression" name="test_authenticated_read_no_nan[GET-/api/dashboard/recent-transactions?company_id=1-None-dashboard_recent-transactions_company_id_1]" time="1.213" /><testcase classname="backend.tests.test_iter119_regression" name="test_authenticated_read_no_nan[GET-/api/dashboard/fee-tiers?company_id=1-None-dashboard_fee-tiers_company_id_1]" time="1.775" /><testcase classname="backend.tests.test_iter119_regression" name="test_authenticated_read_no_nan[POST-/api/wallet/getAllTransactions-body5-wallet_getAllTransactions_company_id_1_page_1_limit_20]" time="1.883" /><testcase classname="backend.tests.test_iter119_regression" name="test_authenticated_read_no_nan[GET-/api/pay/getPaymentLinks?company_id=1-None-pay_getPaymentLinks_company_id_1]" time="1.038" /><testcase classname="backend.tests.test_iter119_regression" name="test_authenticated_read_no_nan[GET-/api/invoices?company_id=1-None-invoices_company_id_1]" time="0.656" /><testcase classname="backend.tests.test_iter119_regression" name="test_authenticated_read_no_nan[GET-/api/userApi/customers/directory?company_id=1-None-userApi_customers_directory_company_id_1]" time="2.415" /><testcase classname="backend.tests.test_iter119_regression" name="test_authenticated_read_no_nan[GET-/api/referral/earnings-None-referral_earnings]" time="0.654" /><testcase classname="backend.tests.test_iter119_regression" name="test_authenticated_read_no_nan[GET-/api/public/tickers-None-public_tickers]" time="0.076" /><testcase classname="backend.tests.test_iter119_regression" name="test_authenticated_read_no_nan[GET-/api/dashboard/chart?company_id=1&amp;period=30d-None-dashboard_chart_company_id_1_period_30d]" time="1.786" /><testcase classname="backend.tests.test_iter119_regression" name="test_snapshot_amount_parity[GET-/api/wallet/getWallet?company_id=1-None-wallet_getWallet_company_id_1]" time="1.218"><skipped type="pytest.skip" message="/api/wallet/getWallet?company_id=1 live-DB drift expected (new txns since snapshot). first diff: ('.data[0].wallets[8].amount', 0.20149483487278147, 9010.582093760217)">/app/backend/tests/test_iter119_regression.py:268: /api/wallet/getWallet?company_id=1 live-DB drift expected (new txns since snapshot). first diff: ('.data[0].wallets[8].amount', 0.20149483487278147, 9010.582093760217)</skipped></testcase><testcase classname="backend.tests.test_iter119_regression" name="test_snapshot_amount_parity[GET-/api/dashboard?company_id=1-None-dashboard_company_id_1]" time="1.404"><skipped type="pytest.skip" message="/api/dashboard?company_id=1 live-DB drift expected (new txns since snapshot). first diff: ('.data.fee_tier.amount_to_next_tier', 71044.56, 70989.08)">/app/backend/tests/test_iter119_regression.py:268: /api/dashboard?company_id=1 live-DB drift expected (new txns since snapshot). first diff: ('.data.fee_tier.amount_to_next_tier', 71044.56, 70989.08)</skipped></testcase><testcase classname="backend.tests.test_iter119_regression" name="test_snapshot_amount_parity[GET-/api/dashboard/recent-transactions?company_id=1-None-dashboard_recent-transactions_company_id_1]" time="0.840"><skipped type="pytest.skip" message="/api/dashboard/recent-transactions?company_id=1 live-DB drift expected (new txns since snapshot). first diff: ('.data.transactions[0].base_amount', 0.00038485, 0.00034175)">/app/backend/tests/test_iter119_regression.py:268: /api/dashboard/recent-transactions?company_id=1 live-DB drift expected (new txns since snapshot). first diff: ('.data.transactions[0].base_amount', 0.00038485, 0.00034175)</skipped></testcase><testcase classname="backend.tests.test_iter119_regression" name="test_snapshot_amount_parity[GET-/api/dashboard/fee-tiers?company_id=1-None-dashboard_fee-tiers_company_id_1]" time="0.925"><skipped type="pytest.skip" message="/api/dashboard/fee-tiers?company_id=1 live-DB drift expected (new txns since snapshot). first diff: ('.data.user_tier.amount_to_next_tier', 71044.56, 70989.08)">/app/backend/tests/test_iter119_regression.py:268: /api/dashboard/fee-tiers?company_id=1 live-DB drift expected (new txns since snapshot). first diff: ('.data.user_tier.amount_to_next_tier', 71044.56, 70989.08)</skipped></testcase><testcase classname="backend.tests.test_iter119_regression" name="test_snapshot_amount_parity[POST-/api/wallet/getAllTransactions-body4-wallet_getAllTransactions_company_id_1_page_1_limit_20]" time="1.905" /><testcase classname="backend.tests.test_iter119_regression" name="test_snapshot_amount_parity[GET-/api/pay/getPaymentLinks?company_id=1-None-pay_getPaymentLinks_company_id_1]" time="1.041" /><testcase classname="backend.tests.test_iter119_regression" name="test_snapshot_amount_parity[GET-/api/invoices?company_id=1-None-invoices_company_id_1]" time="0.722" /><testcase classname="backend.tests.test_iter119_regression" name="test_snapshot_amount_parity[GET-/api/userApi/customers/directory?company_id=1-None-userApi_customers_directory_company_id_1]" time="0.837" /><testcase classname="backend.tests.test_iter119_regression" name="test_snapshot_amount_parity[GET-/api/referral/earnings-None-referral_earnings]" time="0.650" /><testcase classname="backend.tests.test_iter119_regression" name="test_snapshot_amount_parity[GET-/api/public/tickers-None-public_tickers]" time="0.080" /><testcase classname="backend.tests.test_iter119_regression" name="test_snapshot_amount_parity[GET-/api/dashboard/chart?company_id=1&amp;period=30d-None-dashboard_chart_company_id_1_period_30d]" time="1.409"><skipped type="pytest.skip" message="/api/dashboard/chart?company_id=1&amp;period=30d live-DB drift expected (new txns since snapshot). first diff: ('.data.period_summary.total_transactions', 90, 92)">/app/backend/tests/test_iter119_regression.py:268: /api/dashboard/chart?company_id=1&amp;period=30d live-DB drift expected (new txns since snapshot). first diff: ('.data.period_summary.total_transactions', 90, 92)</skipped></testcase><testcase classname="backend.tests.test_iter119_regression" name="test_fee_preview_rates_finite" time="0.269" /></testsuite></testsuites>