<?xml version="1.0" encoding="utf-8"?><testsuites name="pytest tests"><testsuite name="pytest" errors="0" failures="0" skipped="0" tests="15" time="55.119" timestamp="2026-09-14T21:30:40.541582+00:00" hostname="agent-env-344a40b3-ff42-4c97-9de3-1b749ec105fa"><testcase classname="backend.tests.test_2fa_mandatory_iter177" name="test_login_requires_2fa_email" time="2.563" /><testcase classname="backend.tests.test_2fa_mandatory_iter177" name="test_wrong_code_returns_401" time="1.023" /><testcase classname="backend.tests.test_2fa_mandatory_iter177" name="test_resend_and_immediate_resend_ratelimit" time="1.659" /><testcase classname="backend.tests.test_2fa_mandatory_iter177" name="test_validate_with_correct_otp_sets_cookie_and_30d_jwt" time="1.770" /><testcase classname="backend.tests.test_2fa_mandatory_iter177" name="test_relogin_with_trusted_device_cookie_skips_challenge" time="2.981" /><testcase classname="backend.tests.test_2fa_mandatory_iter177" name="test_trusted_devices_list_current_true" time="1.420" /><testcase classname="backend.tests.test_2fa_mandatory_iter177" name="test_delete_specific_device_then_challenge_again" time="5.222" /><testcase classname="backend.tests.test_2fa_mandatory_iter177" name="test_delete_all_devices" time="0.832" /><testcase classname="backend.tests.test_2fa_mandatory_iter177" name="test_enforcement_and_status" time="1.778" /><testcase classname="backend.tests.test_2fa_mandatory_iter177" name="test_hard_wall_flow" time="10.808" /><testcase classname="backend.tests.test_2fa_mandatory_iter177" name="test_reset_request_and_ratelimit" time="5.913" /><testcase classname="backend.tests.test_2fa_mandatory_iter177" name="test_reset_confirm_effects" time="10.485" /><testcase classname="backend.tests.test_2fa_mandatory_iter177" name="test_wallet_security_status_frozen" time="0.898" /><testcase classname="backend.tests.test_2fa_mandatory_iter177" name="test_admin_security_events_and_unfreeze" time="3.614" /><testcase classname="backend.tests.test_2fa_mandatory_iter177" name="test_zzz_teardown_user_221_state" time="4.076" /></testsuite></testsuites>