<?xml version="1.0" encoding="utf-8"?><testsuites name="pytest tests"><testsuite name="pytest" errors="0" failures="0" skipped="0" tests="13" time="7.274" timestamp="2026-08-23T15:45:05.261964+00:00" hostname="agent-env-cacd4747-5b3c-423d-8afc-b36e588102df"><testcase classname="backend.tests.test_iter65_storefront_flag_on.TestCreatorProfileFlagOn" name="test_profile_company_1_hostbay" time="1.613" /><testcase classname="backend.tests.test_iter65_storefront_flag_on.TestCreatorProfileFlagOn" name="test_profile_company_62_klose" time="0.290" /><testcase classname="backend.tests.test_iter65_storefront_flag_on.TestPublicStorefrontResolution" name="test_public_shop_hostbay" time="0.327" /><testcase classname="backend.tests.test_iter65_storefront_flag_on.TestPublicStorefrontResolution" name="test_public_pay_creator_hostbay" time="0.388" /><testcase classname="backend.tests.test_iter65_storefront_flag_on.TestHandleUniquenessAcrossCompanies" name="test_klose_cannot_claim_hostbay" time="0.223" /><testcase classname="backend.tests.test_iter65_storefront_flag_on.TestKloseClaimAndIsolation" name="test_a_klose_claim_handle" time="0.785" /><testcase classname="backend.tests.test_iter65_storefront_flag_on.TestKloseClaimAndIsolation" name="test_b_public_klose_live" time="1.331" /><testcase classname="backend.tests.test_iter65_storefront_flag_on.TestKloseClaimAndIsolation" name="test_c_hostbay_still_live_and_isolated" time="0.404" /><testcase classname="backend.tests.test_iter65_storefront_flag_on.TestKloseClaimAndIsolation" name="test_d_analytics_split_shows_both" time="0.427" /><testcase classname="backend.tests.test_iter65_storefront_flag_on.TestProductsScoping" name="test_products_company_1" time="0.253" /><testcase classname="backend.tests.test_iter65_storefront_flag_on.TestProductsScoping" name="test_products_company_62" time="0.240" /><testcase classname="backend.tests.test_iter65_storefront_flag_on.TestFlagOnRegression" name="test_tax_settings_company_62" time="0.361" /><testcase classname="backend.tests.test_iter65_storefront_flag_on.TestFlagOnRegression" name="test_wallet_all_transactions" time="0.552" /></testsuite></testsuites>