<?xml version="1.0" encoding="utf-8"?><testsuites name="pytest tests"><testsuite name="pytest" errors="0" failures="0" skipped="0" tests="24" time="28.060" timestamp="2026-09-09T13:11:53.676436+00:00" hostname="agent-env-0462e6dd-3afc-48cf-bcc4-40328ef3cbdd"><testcase classname="backend.tests.test_phone_email_hardening.TestPhoneTypeCheck" name="test_bd_number_with_trunk_zero" time="0.614" /><testcase classname="backend.tests.test_phone_email_hardening.TestPhoneTypeCheck" name="test_invalid_short_number" time="0.273" /><testcase classname="backend.tests.test_phone_email_hardening.TestPhoneTypeCheck" name="test_us_number_normalisation" time="0.376" /><testcase classname="backend.tests.test_phone_email_hardening.TestRegisterPhoneInvalid" name="test_register_phone_long_invalid" time="0.275" /><testcase classname="backend.tests.test_phone_email_hardening.TestRegisterPhoneInvalid" name="test_register_phone_short_invalid" time="0.273" /><testcase classname="backend.tests.test_phone_email_hardening.TestRegisterPhoneInvalid" name="test_register_phone_missing" time="0.277" /><testcase classname="backend.tests.test_phone_email_hardening.TestRegisterPhoneInvalid" name="test_register_phone_verify_invalid" time="0.307" /><testcase classname="backend.tests.test_phone_email_hardening.TestDuplicateAccountEmail" name="test_register_email_duplicate" time="1.212" /><testcase classname="backend.tests.test_phone_email_hardening.TestDuplicateAccountEmail" name="test_suppressed_otp_email_logged" time="1.011" /><testcase classname="backend.tests.test_phone_email_hardening.TestHeroIcons" name="test_hero_png[shield-green]" time="0.099" /><testcase classname="backend.tests.test_phone_email_hardening.TestHeroIcons" name="test_hero_png[shield-red]" time="0.085" /><testcase classname="backend.tests.test_phone_email_hardening.TestHeroIcons" name="test_hero_png[phone]" time="0.083" /><testcase classname="backend.tests.test_phone_email_hardening.TestHeroIcons" name="test_hero_png[block]" time="0.084" /><testcase classname="backend.tests.test_phone_email_hardening.TestHeroIcons" name="test_hero_png[person-off]" time="0.082" /><testcase classname="backend.tests.test_phone_email_hardening.TestPasswordResetBrandedEmail" name="test_full_flow_and_branded_email" time="10.032" /><testcase classname="backend.tests.test_phone_email_hardening.TestBackendBuildChecks" name="test_verify_security_emails_render" time="1.115" /><testcase classname="backend.tests.test_phone_email_hardening.TestBackendBuildChecks" name="test_typecheck" time="11.689" /><testcase classname="backend.tests.test_phone_email_hardening.TestBackendBuildChecks" name="test_file_size" time="0.084" /><testcase classname="backend.tests.test_phone_email_hardening.TestLocaleCatalogs" name="test_locale_keys[en]" time="0.001" /><testcase classname="backend.tests.test_phone_email_hardening.TestLocaleCatalogs" name="test_locale_keys[de]" time="0.001" /><testcase classname="backend.tests.test_phone_email_hardening.TestLocaleCatalogs" name="test_locale_keys[es]" time="0.001" /><testcase classname="backend.tests.test_phone_email_hardening.TestLocaleCatalogs" name="test_locale_keys[fr]" time="0.001" /><testcase classname="backend.tests.test_phone_email_hardening.TestLocaleCatalogs" name="test_locale_keys[nl]" time="0.001" /><testcase classname="backend.tests.test_phone_email_hardening.TestLocaleCatalogs" name="test_locale_keys[pt]" time="0.001" /></testsuite></testsuites>