<?xml version="1.0" encoding="utf-8"?><testsuites name="pytest tests"><testsuite name="pytest" errors="0" failures="0" skipped="0" tests="5" time="10.103" timestamp="2026-09-12T23:37:04.639365+00:00" hostname="agent-env-5971d3b4-2b57-4b3a-95fa-62d99af07664"><testcase classname="backend.tests.test_iter166_creator_stats" name="test_creator_stats" time="5.804" /><testcase classname="backend.tests.test_iter166_creator_stats" name="test_creator_analytics" time="1.427" /><testcase classname="backend.tests.test_iter166_creator_stats" name="test_creator_analytics_split" time="1.587" /><testcase classname="backend.tests.test_iter166_creator_stats" name="test_visit_beacon_browser_ua" time="0.714" /><testcase classname="backend.tests.test_iter166_creator_stats" name="test_visit_beacon_bot_ua_not_counted" time="0.497" /></testsuite></testsuites>