<?xml version="1.0" encoding="utf-8"?><testsuites name="pytest tests"><testsuite name="pytest" errors="0" failures="0" skipped="0" tests="4" time="1.979" timestamp="2026-08-13T20:25:49.894870+00:00" hostname="agent-env-aedc127d-0ef8-4673-b1c7-615d2600c7fb"><testcase classname="backend.tests.test_paid_link_getdata" name="test_paid_link_1_returns_completed" time="0.558" /><testcase classname="backend.tests.test_paid_link_getdata" name="test_paid_link_2_returns_completed" time="0.417" /><testcase classname="backend.tests.test_paid_link_getdata" name="test_active_link_regression_normal_checkout" time="0.447" /><testcase classname="backend.tests.test_paid_link_getdata" name="test_invalid_ref_returns_404" time="0.348" /></testsuite></testsuites>