<?xml version="1.0" encoding="utf-8"?><testsuites name="pytest tests"><testsuite name="pytest" errors="0" failures="0" skipped="0" tests="18" time="4.095" timestamp="2026-02-16T02:31:06.385840+00:00" hostname="agent-env-664f6656-9ff0-4065-81d2-307150199eed"><testcase classname="tests.test_p0_p3_features.TestP1CSRFProtection" name="test_csrf_token_endpoint_returns_token" time="0.007" /><testcase classname="tests.test_p0_p3_features.TestP1GlobalErrorHandler" name="test_malformed_json_returns_400_not_500" time="0.010" /><testcase classname="tests.test_p0_p3_features.TestP1GlobalErrorHandler" name="test_malformed_json_on_other_endpoints" time="0.011" /><testcase classname="tests.test_p0_p3_features.TestP3InputValidation" name="test_login_empty_body_returns_400" time="0.347" /><testcase classname="tests.test_p0_p3_features.TestP3InputValidation" name="test_login_invalid_email_returns_400" time="0.332" /><testcase classname="tests.test_p0_p3_features.TestP3InputValidation" name="test_2fa_validate_empty_body_returns_400" time="0.332" /><testcase classname="tests.test_p0_p3_features.TestP3InputValidation" name="test_2fa_validate_invalid_user_id_returns_400" time="0.333" /><testcase classname="tests.test_p0_p3_features.TestP3InputValidation" name="test_forgot_password_empty_body_returns_400" time="0.331" /><testcase classname="tests.test_p0_p3_features.TestP3InputValidation" name="test_forgot_password_invalid_email_returns_400" time="0.331" /><testcase classname="tests.test_p0_p3_features.TestP3InputValidation" name="test_reset_password_empty_body_returns_400" time="0.333" /><testcase classname="tests.test_p0_p3_features.TestP3InputValidation" name="test_reset_password_missing_token_returns_400" time="0.330" /><testcase classname="tests.test_p0_p3_features.TestP2SwaggerDocs" name="test_swagger_docs_available" time="0.047" /><testcase classname="tests.test_p0_p3_features.TestP2SwaggerDocs" name="test_swagger_json_available" time="0.016" /><testcase classname="tests.test_p0_p3_features.TestP0_2FAValidate" name="test_2fa_validate_with_invalid_token_returns_401" time="0.550" /><testcase classname="tests.test_p0_p3_features.TestP0_2FAValidate" name="test_2fa_validate_response_schema_on_success_path" time="0.046" /><testcase classname="tests.test_p0_p3_features.TestAdminLogin" name="test_admin_login_returns_token" time="0.113" /><testcase classname="tests.test_p0_p3_features.TestHealthAndBasics" name="test_health_endpoint" time="0.329" /><testcase classname="tests.test_p0_p3_features.TestHealthAndBasics" name="test_api_root" time="0.221" /></testsuite></testsuites>