<?xml version="1.0" encoding="utf-8"?><testsuites name="pytest tests"><testsuite name="pytest" errors="0" failures="0" skipped="0" tests="23" time="5.629" timestamp="2026-02-15T01:13:36.500684+00:00" hostname="agent-env-94409f1f-3468-484a-9b88-3a3cea44e44b"><testcase classname="tests.test_controller_refactoring.TestHealthEndpoints" name="test_health_endpoint_responds" time="0.327" /><testcase classname="tests.test_controller_refactoring.TestHealthEndpoints" name="test_root_health_endpoint" time="0.350" /><testcase classname="tests.test_controller_refactoring.TestStatusEndpoints" name="test_status_endpoint_returns_valid_json" time="0.206" /><testcase classname="tests.test_controller_refactoring.TestStatusEndpoints" name="test_services_status_endpoint" time="0.839" /><testcase classname="tests.test_controller_refactoring.TestStatusEndpoints" name="test_uptime_endpoint" time="0.217" /><testcase classname="tests.test_controller_refactoring.TestStatusEndpoints" name="test_incidents_endpoint" time="0.119" /><testcase classname="tests.test_controller_refactoring.TestControllerRoutes" name="test_root_api_endpoint" time="0.089" /><testcase classname="tests.test_controller_refactoring.TestControllerRoutes" name="test_user_endpoints_accessible" time="0.125" /><testcase classname="tests.test_controller_refactoring.TestControllerRoutes" name="test_company_endpoints_accessible" time="0.110" /><testcase classname="tests.test_controller_refactoring.TestControllerRoutes" name="test_wallet_endpoints_accessible" time="0.117" /><testcase classname="tests.test_controller_refactoring.TestControllerRoutes" name="test_admin_endpoints_accessible" time="0.111" /><testcase classname="tests.test_controller_refactoring.TestControllerRoutes" name="test_payment_endpoints_accessible" time="0.116" /><testcase classname="tests.test_controller_refactoring.TestControllerRoutes" name="test_api_key_endpoints_accessible" time="0.104" /><testcase classname="tests.test_controller_refactoring.TestControllerRoutes" name="test_notification_endpoints_accessible" time="0.197" /><testcase classname="tests.test_controller_refactoring.TestControllerRoutes" name="test_invoice_endpoints_accessible" time="0.111" /><testcase classname="tests.test_controller_refactoring.TestControllerRoutes" name="test_subscription_endpoints_accessible" time="0.106" /><testcase classname="tests.test_controller_refactoring.TestControllerRoutes" name="test_tax_endpoints_accessible" time="0.093" /><testcase classname="tests.test_controller_refactoring.TestControllerRoutes" name="test_dashboard_endpoints_accessible" time="0.092" /><testcase classname="tests.test_controller_refactoring.TestErrorHandling" name="test_invalid_endpoint_returns_404" time="0.099" /><testcase classname="tests.test_controller_refactoring.TestErrorHandling" name="test_malformed_request_handled_gracefully" time="0.424" /><testcase classname="tests.test_controller_refactoring.TestDiagnosticsEndpoints" name="test_email_preview_diagnostic" time="0.105" /><testcase classname="tests.test_controller_refactoring.TestDiagnosticsEndpoints" name="test_binance_ping_diagnostic" time="1.364" /><testcase classname="tests.test_controller_refactoring.TestSwaggerDocs" name="test_swagger_docs_accessible" time="0.122" /></testsuite></testsuites>