<?xml version="1.0" encoding="utf-8"?><testsuites name="pytest tests"><testsuite name="pytest" errors="0" failures="0" skipped="1" tests="13" time="5.042" timestamp="2026-06-28T17:47:31.123098+00:00" hostname="agent-env-05b21d05-0f53-435d-88cb-7ad6db84c6e5"><testcase classname="tests.test_profile_api.TestProfileAPI" name="test_get_profile_returns_has_password" time="0.105" /><testcase classname="tests.test_profile_api.TestProfileAPI" name="test_request_password_otp_success" time="0.857" /><testcase classname="tests.test_profile_api.TestProfileAPI" name="test_set_password_rejects_wrong_otp" time="0.864" /><testcase classname="tests.test_profile_api.TestProfileAPI" name="test_set_password_rejects_weak_password" time="0.737" /><testcase classname="tests.test_profile_api.TestProfileAPI" name="test_add_email_sends_otp" time="0.570" /><testcase classname="tests.test_profile_api.TestProfileAPI" name="test_add_email_rejects_invalid_format" time="0.208" /><testcase classname="tests.test_profile_api.TestProfileAPI" name="test_add_phone_sends_otp" time="1.371"><skipped type="pytest.skip" message="SMS service unavailable">/app/tests/test_profile_api.py:271: SMS service unavailable</skipped></testcase><testcase classname="tests.test_profile_api.TestProfileAPI" name="test_add_phone_rejects_invalid_format" time="0.207" /><testcase classname="tests.test_profile_api.TestProfileAPINoAuth" name="test_profile_requires_auth" time="0.003" /><testcase classname="tests.test_profile_api.TestProfileAPINoAuth" name="test_request_password_otp_requires_auth" time="0.003" /><testcase classname="tests.test_profile_api.TestProfileAPINoAuth" name="test_set_password_requires_auth" time="0.003" /><testcase classname="tests.test_profile_api.TestProfileAPINoAuth" name="test_add_email_requires_auth" time="0.003" /><testcase classname="tests.test_profile_api.TestProfileAPINoAuth" name="test_add_phone_requires_auth" time="0.004" /></testsuite></testsuites>