<?xml version="1.0" encoding="utf-8"?><testsuites name="pytest tests"><testsuite name="pytest" errors="0" failures="0" skipped="0" tests="19" time="0.887" timestamp="2026-02-15T10:33:47.094287+00:00" hostname="agent-env-432b49de-95c5-4eae-8e41-d3aee627f4b4"><testcase classname="tests.test_refactoring_regression.TestDiagnosticsEndpoints" name="test_tunnel_status_endpoint" time="0.013" /><testcase classname="tests.test_refactoring_regression.TestDiagnosticsEndpoints" name="test_binance_info_endpoint" time="0.005" /><testcase classname="tests.test_refactoring_regression.TestDiagnosticsEndpoints" name="test_email_preview_endpoint" time="0.004" /><testcase classname="tests.test_refactoring_regression.TestDiagnosticsEndpoints" name="test_email_preview_different_templates" time="0.015" /><testcase classname="tests.test_refactoring_regression.TestHealthEndpoints" name="test_health_endpoint" time="0.328" /><testcase classname="tests.test_refactoring_regression.TestHealthEndpoints" name="test_root_endpoint" time="0.223" /><testcase classname="tests.test_refactoring_regression.TestHealthEndpoints" name="test_swagger_docs_accessible" time="0.046" /><testcase classname="tests.test_refactoring_regression.TestControllerIntegration" name="test_user_endpoint_reachable" time="0.004" /><testcase classname="tests.test_refactoring_regression.TestControllerIntegration" name="test_wallet_endpoint_reachable" time="0.003" /><testcase classname="tests.test_refactoring_regression.TestControllerIntegration" name="test_admin_login_endpoint_structure" time="0.116" /><testcase classname="tests.test_refactoring_regression.TestControllerIntegration" name="test_payment_endpoint_reachable" time="0.004" /><testcase classname="tests.test_refactoring_regression.TestDiagnosticsExtended" name="test_volatility_endpoint" time="0.003" /><testcase classname="tests.test_refactoring_regression.TestDiagnosticsExtended" name="test_fee_rates_endpoint" time="0.003" /><testcase classname="tests.test_refactoring_regression.TestDiagnosticsExtended" name="test_conversion_email_preview" time="0.009" /><testcase classname="tests.test_refactoring_regression.TestDiagnosticsExtended" name="test_weekly_conversion_email_preview" time="0.003" /><testcase classname="tests.test_refactoring_regression.TestErrorHandling" name="test_404_for_invalid_endpoint" time="0.003" /><testcase classname="tests.test_refactoring_regression.TestErrorHandling" name="test_malformed_json_handling" time="0.004" /><testcase classname="tests.test_refactoring_regression.TestAPIVersioning" name="test_v1_route_works" time="0.003" /><testcase classname="tests.test_refactoring_regression.TestAPIVersioning" name="test_diagnostics_without_api_prefix" time="0.003" /></testsuite></testsuites>