<?xml version="1.0" encoding="utf-8"?><testsuites name="pytest tests"><testsuite name="pytest" errors="0" failures="3" skipped="0" tests="13" time="4.423" timestamp="2026-06-28T19:30:28.455024+00:00" hostname="agent-env-05b21d05-0f53-435d-88cb-7ad6db84c6e5"><testcase classname="tests.test_password_otp_bug_fixes.TestRequestPasswordOtpEndpoint" name="test_request_otp_without_channel_defaults_to_email" time="3.395" /><testcase classname="tests.test_password_otp_bug_fixes.TestRequestPasswordOtpEndpoint" name="test_request_otp_with_email_channel" time="0.614" /><testcase classname="tests.test_password_otp_bug_fixes.TestRequestPasswordOtpEndpoint" name="test_request_otp_with_phone_channel_fallback" time="0.087"><failure message="AssertionError: Request failed: {&quot;error&quot;:&quot;Too Many Requests&quot;,&quot;message&quot;:&quot;Rate limit exceeded. Please retry after 785 seconds.&quot;,&quot;retryAfter&quot;:785}&#10;assert 429 == 200&#10; +  where 429 = &lt;Response [429]&gt;.status_code">tests/test_password_otp_bug_fixes.py:112: in test_request_otp_with_phone_channel_fallback
    assert resp.status_code == 200, f"Request failed: {resp.text}"
E   AssertionError: Request failed: {"error":"Too Many Requests","message":"Rate limit exceeded. Please retry after 785 seconds.","retryAfter":785}
E   assert 429 == 200
E    +  where 429 = &lt;Response [429]&gt;.status_code</failure></testcase><testcase classname="tests.test_password_otp_bug_fixes.TestRequestPasswordOtpEndpoint" name="test_request_otp_requires_auth" time="0.005" /><testcase classname="tests.test_password_otp_bug_fixes.TestSetPasswordEndpoint" name="test_set_password_with_invalid_otp" time="0.086"><failure message="AssertionError: Expected 400, got 429&#10;assert 429 == 400&#10; +  where 429 = &lt;Response [429]&gt;.status_code">tests/test_password_otp_bug_fixes.py:139: in test_set_password_with_invalid_otp
    assert resp.status_code == 400, f"Expected 400, got {resp.status_code}"
E   AssertionError: Expected 400, got 429
E   assert 429 == 400
E    +  where 429 = &lt;Response [429]&gt;.status_code</failure></testcase><testcase classname="tests.test_password_otp_bug_fixes.TestSetPasswordEndpoint" name="test_set_password_requires_auth" time="0.004" /><testcase classname="tests.test_password_otp_bug_fixes.TestSetPasswordEndpoint" name="test_set_password_requires_otp_and_password" time="0.086"><failure message="AssertionError: Expected 400 for missing newPassword, got 429&#10;assert 429 == 400&#10; +  where 429 = &lt;Response [429]&gt;.status_code">tests/test_password_otp_bug_fixes.py:162: in test_set_password_requires_otp_and_password
    assert resp.status_code == 400, f"Expected 400 for missing newPassword, got {resp.status_code}"
E   AssertionError: Expected 400 for missing newPassword, got 429
E   assert 429 == 400
E    +  where 429 = &lt;Response [429]&gt;.status_code</failure></testcase><testcase classname="tests.test_password_otp_bug_fixes.TestCodeReview" name="test_update_password_has_no_old_password_field" time="0.000" /><testcase classname="tests.test_password_otp_bug_fixes.TestCodeReview" name="test_update_password_has_required_data_testids" time="0.000" /><testcase classname="tests.test_password_otp_bug_fixes.TestCodeReview" name="test_otp_dialog_has_overflow_visible" time="0.000" /><testcase classname="tests.test_password_otp_bug_fixes.TestCodeReview" name="test_otp_dialog_has_verify_label" time="0.000" /><testcase classname="tests.test_password_otp_bug_fixes.TestCodeReview" name="test_otp_dialog_auto_submit_ignores_submit_disable" time="0.000" /><testcase classname="tests.test_password_otp_bug_fixes.TestBackendControllerCode" name="test_request_password_otp_accepts_channel" time="0.000" /></testsuite></testsuites>