<?xml version="1.0" encoding="utf-8"?><testsuites name="pytest tests"><testsuite name="pytest" errors="0" failures="1" skipped="0" tests="8" time="13.911" timestamp="2026-03-08T20:05:38.436621+00:00" hostname="agent-env-e01e01ce-e03b-4beb-9b2c-25d0be50b954"><testcase classname="test_reports.pytest.test_invoice.TestInvoiceAPI" name="test_get_transactions_list" time="3.733" /><testcase classname="test_reports.pytest.test_invoice.TestInvoiceAPI" name="test_find_completed_transactions" time="0.771" /><testcase classname="test_reports.pytest.test_invoice.TestInvoiceAPI" name="test_get_invoice_for_completed_transaction" time="1.110" /><testcase classname="test_reports.pytest.test_invoice.TestInvoiceAPI" name="test_download_invoice_pdf" time="1.507" /><testcase classname="test_reports.pytest.test_invoice.TestInvoiceAPI" name="test_invoice_pdf_contains_dynopay_branding" time="1.516"><failure message="AssertionError: PDF should contain DynoPay branding elements&#10;assert False&#10; +  where False = any(&lt;generator object TestInvoiceAPI.test_invoice_pdf_contains_dynopay_branding.&lt;locals&gt;.&lt;genexpr&gt; at 0xfd13090e9700&gt;)">test_reports/pytest/test_invoice.py:233: in test_invoice_pdf_contains_dynopay_branding
    assert any(found for _, found in branding_checks), "PDF should contain DynoPay branding elements"
E   AssertionError: PDF should contain DynoPay branding elements
E   assert False
E    +  where False = any(&lt;generator object TestInvoiceAPI.test_invoice_pdf_contains_dynopay_branding.&lt;locals&gt;.&lt;genexpr&gt; at 0xfd13090e9700&gt;)</failure></testcase><testcase classname="test_reports.pytest.test_invoice.TestInvoiceAPI" name="test_invoice_has_required_fields" time="1.102" /><testcase classname="test_reports.pytest.test_invoice.TestInvoiceAPI" name="test_invoice_not_available_for_pending_transaction" time="1.095" /><testcase classname="test_reports.pytest.test_invoice.TestInvoiceList" name="test_get_all_invoices" time="2.960" /></testsuite></testsuites>