<?xml version="1.0" encoding="utf-8"?><testsuites name="pytest tests"><testsuite name="pytest" errors="0" failures="0" skipped="0" tests="15" time="23.480" timestamp="2026-02-15T14:04:54.243438+00:00" hostname="agent-env-54d87fbf-3010-4446-84e3-69630d495fe8"><testcase classname="tests.test_p0_bug_fixes.TestBackendHealth" name="test_backend_starts_no_typescript_errors" time="22.571" /><testcase classname="tests.test_p0_bug_fixes.TestBackendHealth" name="test_webhook_endpoint_responsive" time="0.596" /><testcase classname="tests.test_p0_bug_fixes.TestTransactionRollbackSafetyFix" name="test_transaction_finished_flag_exists" time="0.001" /><testcase classname="tests.test_p0_bug_fixes.TestTransactionRollbackSafetyFix" name="test_transaction_finished_set_before_commit" time="0.002" /><testcase classname="tests.test_p0_bug_fixes.TestTransactionRollbackSafetyFix" name="test_catch_block_checks_transaction_finished" time="0.001" /><testcase classname="tests.test_p0_bug_fixes.TestTransactionRollbackSafetyFix" name="test_catch_block_structure" time="0.002" /><testcase classname="tests.test_p0_bug_fixes.TestUTXOPrecisionFix" name="test_satoshi_arithmetic_in_multi_output" time="0.001" /><testcase classname="tests.test_p0_bug_fixes.TestUTXOPrecisionFix" name="test_utxo_values_divided_back" time="0.001" /><testcase classname="tests.test_p0_bug_fixes.TestUTXOPrecisionFix" name="test_direct_admin_path_also_fixed" time="0.001" /><testcase classname="tests.test_p0_bug_fixes.TestUTXOPrecisionFix" name="test_to_utxo_values_precision" time="0.001" /><testcase classname="tests.test_p0_bug_fixes.TestPaymentStatusAfterSweep" name="test_settle_before_status_update" time="0.001" /><testcase classname="tests.test_p0_bug_fixes.TestPaymentStatusAfterSweep" name="test_status_update_after_sweep_result" time="0.001" /><testcase classname="tests.test_p0_bug_fixes.TestCodeQuality" name="test_no_floating_point_in_utxo_amounts" time="0.000" /><testcase classname="tests.test_p0_bug_fixes.TestCodeQuality" name="test_comment_documents_fix" time="0.005" /><testcase classname="tests.test_p0_bug_fixes.TestRegressionPrevention" name="test_transaction_finished_all_paths" time="0.001" /></testsuite></testsuites>