<?xml version="1.0" encoding="utf-8"?><testsuites name="pytest tests"><testsuite name="pytest" errors="0" failures="0" skipped="1" tests="12" time="4.525" timestamp="2026-06-28T18:50:37.622448+00:00" hostname="agent-env-05b21d05-0f53-435d-88cb-7ad6db84c6e5"><testcase classname="tests.test_email_template_refactoring.TestLoginFlowEndToEnd" name="test_login_returns_otp_session" time="1.269" /><testcase classname="tests.test_email_template_refactoring.TestLoginFlowEndToEnd" name="test_verify_login_otp_success" time="1.202"><skipped type="pytest.skip" message="OTP not found in Redis">/app/tests/test_email_template_refactoring.py:127: OTP not found in Redis</skipped></testcase><testcase classname="tests.test_email_template_refactoring.TestLoginActivityAPI" name="test_get_login_activity_requires_auth" time="0.004" /><testcase classname="tests.test_email_template_refactoring.TestLoginActivityAPI" name="test_get_login_activity_returns_data" time="1.835" /><testcase classname="tests.test_email_template_refactoring.TestFlagLoginEndpoint" name="test_flag_login_rejects_missing_token" time="0.003" /><testcase classname="tests.test_email_template_refactoring.TestFlagLoginEndpoint" name="test_flag_login_rejects_invalid_token" time="0.046" /><testcase classname="tests.test_email_template_refactoring.TestFlagLoginEndpoint" name="test_flag_login_is_public_endpoint" time="0.046" /><testcase classname="tests.test_email_template_refactoring.TestEmailTemplateCodeQuality" name="test_no_inter_font_in_email_service" time="0.002" /><testcase classname="tests.test_email_template_refactoring.TestEmailTemplateCodeQuality" name="test_dyno_pay_greeting_template_not_called" time="0.001" /><testcase classname="tests.test_email_template_refactoring.TestEmailTemplateCodeQuality" name="test_helper_functions_exist_in_template" time="0.000" /><testcase classname="tests.test_email_template_refactoring.TestEmailTemplateCodeQuality" name="test_dark_mode_css_classes_exist" time="0.000" /><testcase classname="tests.test_email_template_refactoring.TestEmailTemplateCodeQuality" name="test_system_font_stack_used" time="0.000" /></testsuite></testsuites>