<?xml version="1.0" encoding="utf-8"?><testsuites name="pytest tests"><testsuite name="pytest" errors="0" failures="0" skipped="0" tests="23" time="7.650" timestamp="2026-02-15T15:10:20.632684+00:00" hostname="agent-env-1f136ba5-8ca4-40b4-b811-a674ce3f8432"><testcase classname="tests.test_webhook_queue.TestWebhookQueueSetup" name="test_health_endpoint_returns_healthy" time="0.329" /><testcase classname="tests.test_webhook_queue.TestWebhookQueueSetup" name="test_api_base_returns_operational" time="0.004" /><testcase classname="tests.test_webhook_queue.TestWebhookEndpoint" name="test_webhook_with_valid_payload_returns_200" time="0.644" /><testcase classname="tests.test_webhook_queue.TestWebhookEndpoint" name="test_webhook_with_missing_txid_returns_200" time="0.322" /><testcase classname="tests.test_webhook_queue.TestWebhookEndpoint" name="test_webhook_duplicate_txid_returns_200" time="1.273" /><testcase classname="tests.test_webhook_queue.TestWebhookEndpoint" name="test_webhook_with_query_params_returns_200" time="0.640" /><testcase classname="tests.test_webhook_queue.TestWebhookEndpoint" name="test_webhook_empty_body_returns_200" time="0.322" /><testcase classname="tests.test_webhook_queue.TestAdminEndpointsWithRegularUser" name="test_queue_health_rejects_non_admin" time="1.423" /><testcase classname="tests.test_webhook_queue.TestAdminEndpointsWithRegularUser" name="test_dlq_listing_rejects_non_admin" time="0.004" /><testcase classname="tests.test_webhook_queue.TestAdminEndpointsWithRegularUser" name="test_dlq_retry_rejects_non_admin" time="0.004" /><testcase classname="tests.test_webhook_queue.TestAdminEndpointsWithRegularUser" name="test_manual_reconcile_rejects_non_admin" time="0.003" /><testcase classname="tests.test_webhook_queue.TestAdminEndpointsWithNoAuth" name="test_queue_health_requires_auth" time="0.003" /><testcase classname="tests.test_webhook_queue.TestAdminEndpointsWithNoAuth" name="test_dlq_listing_requires_auth" time="0.003" /><testcase classname="tests.test_webhook_queue.TestAdminEndpointsWithNoAuth" name="test_dlq_retry_requires_auth" time="0.002" /><testcase classname="tests.test_webhook_queue.TestAdminEndpointsWithNoAuth" name="test_manual_reconcile_requires_auth" time="0.002" /><testcase classname="tests.test_webhook_queue.TestRemovedEndpoints" name="test_recover_payment_endpoint_removed" time="0.003" /><testcase classname="tests.test_webhook_queue.TestRemovedEndpoints" name="test_recover_payment_api_prefix_also_removed" time="0.003" /><testcase classname="tests.test_webhook_queue.TestExistingDiagnosticsEndpoints" name="test_tunnel_status_works" time="0.003" /><testcase classname="tests.test_webhook_queue.TestExistingDiagnosticsEndpoints" name="test_binance_info_works" time="0.002" /><testcase classname="tests.test_webhook_queue.TestExistingDiagnosticsEndpoints" name="test_volatility_works" time="0.003" /><testcase classname="tests.test_webhook_queue.TestExistingDiagnosticsEndpoints" name="test_fee_rates_works" time="0.002" /><testcase classname="tests.test_webhook_queue.TestWebhookQueueFunctionality" name="test_multiple_webhooks_processed_in_order" time="1.937" /><testcase classname="tests.test_webhook_queue.TestWebhookQueueFunctionality" name="test_webhook_with_all_fields" time="0.636" /></testsuite></testsuites>