<?xml version="1.0" encoding="utf-8"?><testsuites name="pytest tests"><testsuite name="pytest" errors="0" failures="0" skipped="2" tests="18" time="9.195" timestamp="2026-03-09T17:23:26.881753+00:00" hostname="agent-env-a21adebb-de1d-4a59-a169-5bf700b7e9d8"><testcase classname="tests.test_wallet_management.TestAdminWalletCredit" name="test_credit_wallet_with_admin_jwt_success" time="3.460" /><testcase classname="tests.test_wallet_management.TestAdminWalletCredit" name="test_credit_wallet_with_api_key_success" time="0.068"><skipped type="pytest.skip" message="No API key available - skipping API key test">/app/tests/test_wallet_management.py:122: No API key available - skipping API key test</skipped></testcase><testcase classname="tests.test_wallet_management.TestAdminWalletCredit" name="test_credit_wallet_invalid_amount_zero" time="0.074" /><testcase classname="tests.test_wallet_management.TestAdminWalletCredit" name="test_credit_wallet_invalid_amount_negative" time="0.076" /><testcase classname="tests.test_wallet_management.TestAdminWalletCredit" name="test_credit_wallet_missing_description" time="0.123" /><testcase classname="tests.test_wallet_management.TestAdminWalletCredit" name="test_credit_wallet_invalid_customer_id" time="0.159" /><testcase classname="tests.test_wallet_management.TestAdminWalletCredit" name="test_credit_wallet_no_auth" time="0.085" /><testcase classname="tests.test_wallet_management.TestAdminWalletDebit" name="test_debit_wallet_with_admin_jwt_success" time="0.700" /><testcase classname="tests.test_wallet_management.TestAdminWalletDebit" name="test_debit_wallet_with_api_key_success" time="0.000"><skipped type="pytest.skip" message="No API key available - skipping API key test">/app/tests/test_wallet_management.py:284: No API key available - skipping API key test</skipped></testcase><testcase classname="tests.test_wallet_management.TestAdminWalletDebit" name="test_debit_wallet_invalid_amount_zero" time="0.069" /><testcase classname="tests.test_wallet_management.TestAdminWalletDebit" name="test_debit_wallet_invalid_amount_negative" time="0.086" /><testcase classname="tests.test_wallet_management.TestAdminWalletDebit" name="test_debit_wallet_missing_description" time="0.070" /><testcase classname="tests.test_wallet_management.TestAdminWalletDebit" name="test_debit_wallet_insufficient_balance" time="0.256" /><testcase classname="tests.test_wallet_management.TestAdminWalletDebit" name="test_debit_wallet_invalid_customer_id" time="0.179" /><testcase classname="tests.test_wallet_management.TestAdminWalletDebit" name="test_debit_wallet_no_auth" time="0.079" /><testcase classname="tests.test_wallet_management.TestWalletAtomicOperations" name="test_credit_creates_transaction_record" time="1.775" /><testcase classname="tests.test_wallet_management.TestWalletAtomicOperations" name="test_balance_updates_atomically" time="1.828" /><testcase classname="tests.test_wallet_management.TestDeveloperGuide" name="test_developer_guide_exists" time="0.000" /></testsuite></testsuites>