<?xml version="1.0" encoding="utf-8"?><testsuites name="pytest tests"><testsuite name="pytest" errors="0" failures="0" skipped="0" tests="10" time="5.238" timestamp="2026-06-28T18:09:57.036632+00:00" hostname="agent-env-05b21d05-0f53-435d-88cb-7ad6db84c6e5"><testcase classname="tests.test_login_activity.TestLoginActivityRecording" name="test_login_records_activity" time="2.324" /><testcase classname="tests.test_login_activity.TestGetLoginActivity" name="test_get_login_activity_requires_auth" time="0.004" /><testcase classname="tests.test_login_activity.TestGetLoginActivity" name="test_get_login_activity_returns_paginated_data" time="0.129" /><testcase classname="tests.test_login_activity.TestGetLoginActivity" name="test_get_login_activity_fields" time="0.130" /><testcase classname="tests.test_login_activity.TestFlagLogin" name="test_flag_login_rejects_missing_token" time="0.044" /><testcase classname="tests.test_login_activity.TestFlagLogin" name="test_flag_login_rejects_invalid_token" time="0.087" /><testcase classname="tests.test_login_activity.TestFlagLogin" name="test_flag_login_is_public_endpoint" time="0.087" /><testcase classname="tests.test_login_activity.TestGetProfile" name="test_profile_returns_has_password" time="0.412" /><testcase classname="tests.test_login_activity.TestLoginActivityWithFreshLogin" name="test_fresh_login_creates_activity_with_security_token" time="1.810" /><testcase classname="tests.test_login_activity.TestCSRFExemption" name="test_flag_login_no_csrf_required" time="0.087" /></testsuite></testsuites>