<?xml version="1.0" encoding="utf-8"?><testsuites name="pytest tests"><testsuite name="pytest" errors="0" failures="0" skipped="0" tests="5" time="3.417" timestamp="2026-08-26T12:33:12.799357+00:00" hostname="agent-env-2a9c209f-72ac-4dba-8d0c-579d0240c83b"><testcase classname="backend.tests.test_seo_hreflang" name="test_shop_default_no_lang" time="0.497" /><testcase classname="backend.tests.test_seo_hreflang" name="test_shop_lang_fr" time="0.399" /><testcase classname="backend.tests.test_seo_hreflang" name="test_product_lang_de" time="0.392" /><testcase classname="backend.tests.test_seo_hreflang" name="test_product_default_regression" time="0.419" /><testcase classname="backend.tests.test_seo_hreflang" name="test_no_broken_link_tags_across_pages" time="1.635" /></testsuite></testsuites>