<?xml version="1.0" encoding="utf-8"?><testsuites name="pytest tests"><testsuite name="pytest" errors="0" failures="0" skipped="0" tests="19" time="8.313" timestamp="2026-07-05T14:41:21.721397+00:00" hostname="agent-env-f12696f9-ec05-4dac-bdbc-eef34cc961fb"><testcase classname="backend.tests.test_seo_pages" name="test_country_page_returns_200_with_content[united-states]" time="0.996" /><testcase classname="backend.tests.test_seo_pages" name="test_country_page_returns_200_with_content[united-kingdom]" time="0.334" /><testcase classname="backend.tests.test_seo_pages" name="test_country_page_returns_200_with_content[germany]" time="0.168" /><testcase classname="backend.tests.test_seo_pages" name="test_country_page_returns_200_with_content[india]" time="0.134" /><testcase classname="backend.tests.test_seo_pages" name="test_country_page_returns_200_with_content[nigeria]" time="0.143" /><testcase classname="backend.tests.test_seo_pages" name="test_country_page_returns_200_with_content[brazil]" time="0.237" /><testcase classname="backend.tests.test_seo_pages" name="test_country_page_returns_200_with_content[turkey]" time="0.129" /><testcase classname="backend.tests.test_seo_pages" name="test_country_page_returns_200_with_content[vietnam]" time="0.126" /><testcase classname="backend.tests.test_seo_pages" name="test_vertical_page_returns_200_with_content[ecommerce]" time="0.229" /><testcase classname="backend.tests.test_seo_pages" name="test_vertical_page_returns_200_with_content[saas]" time="0.123" /><testcase classname="backend.tests.test_seo_pages" name="test_vertical_page_returns_200_with_content[freelancers]" time="0.125" /><testcase classname="backend.tests.test_seo_pages" name="test_vertical_page_returns_200_with_content[gaming]" time="0.181" /><testcase classname="backend.tests.test_seo_pages" name="test_vertical_page_returns_200_with_content[remittance]" time="0.177" /><testcase classname="backend.tests.test_seo_pages" name="test_vertical_page_returns_200_with_content[digital-downloads]" time="0.116" /><testcase classname="backend.tests.test_seo_pages" name="test_homepage_seo_links_all_resolve" time="2.266" /><testcase classname="backend.tests.test_seo_pages" name="test_sitemap_contains_all_seo_urls" time="1.506" /><testcase classname="backend.tests.test_seo_pages" name="test_unknown_country_returns_404" time="0.631" /><testcase classname="backend.tests.test_seo_pages" name="test_unknown_vertical_returns_404" time="0.139" /><testcase classname="backend.tests.test_seo_pages" name="test_server_still_serves_after_404" time="0.361" /></testsuite></testsuites>