<?xml version="1.0" encoding="utf-8"?><testsuites name="pytest tests"><testsuite name="pytest" errors="0" failures="0" skipped="0" tests="26" time="7.262" timestamp="2026-09-14T09:22:53.379989+00:00" hostname="agent-env-50ef14bb-0f38-4cdd-b053-5f782bcefcf9"><testcase classname="tests.seo_ssr_test" name="test_pages_200[/]" time="0.301" /><testcase classname="tests.seo_ssr_test" name="test_pages_200[/fees]" time="0.202" /><testcase classname="tests.seo_ssr_test" name="test_pages_200[/help-support]" time="0.173" /><testcase classname="tests.seo_ssr_test" name="test_pages_200[/for/creators]" time="0.179" /><testcase classname="tests.seo_ssr_test" name="test_pages_200[/for/merchants]" time="0.180" /><testcase classname="tests.seo_ssr_test" name="test_pages_200[/for/developers]" time="0.250" /><testcase classname="tests.seo_ssr_test" name="test_help_support_index_lists_articles" time="0.148" /><testcase classname="tests.seo_ssr_test" name="test_help_article_full_body_ssr[supported-cryptocurrencies-and-networks]" time="0.340" /><testcase classname="tests.seo_ssr_test" name="test_help_article_full_body_ssr[how-crypto-payments-work-for-merchants]" time="0.354" /><testcase classname="tests.seo_ssr_test" name="test_help_article_full_body_ssr[fees-rates-and-conversion-logic]" time="0.346" /><testcase classname="tests.seo_ssr_test" name="test_help_article_full_body_ssr[wallets-payouts-and-settlement-options]" time="0.351" /><testcase classname="tests.seo_ssr_test" name="test_help_article_full_body_ssr[invoices-checkout-and-payment-links]" time="0.337" /><testcase classname="tests.seo_ssr_test" name="test_help_article_full_body_ssr[api-and-integrations]" time="0.331" /><testcase classname="tests.seo_ssr_test" name="test_help_article_full_body_ssr[security-and-transaction-safety]" time="0.362" /><testcase classname="tests.seo_ssr_test" name="test_fees_jsonld_faq_and_service" time="0.229" /><testcase classname="tests.seo_ssr_test" name="test_for_vertical_jsonld[creators]" time="0.189" /><testcase classname="tests.seo_ssr_test" name="test_for_vertical_jsonld[merchants]" time="0.175" /><testcase classname="tests.seo_ssr_test" name="test_for_vertical_jsonld[developers]" time="0.185" /><testcase classname="tests.seo_ssr_test" name="test_multilingual_ssr[/fees-fr]" time="0.381" /><testcase classname="tests.seo_ssr_test" name="test_multilingual_ssr[/-de]" time="0.466" /><testcase classname="tests.seo_ssr_test" name="test_multilingual_ssr[/for/creators-fr]" time="0.289" /><testcase classname="tests.seo_ssr_test" name="test_multilingual_ssr[/help-support/api-and-integrations-es]" time="0.413" /><testcase classname="tests.seo_ssr_test" name="test_english_default[/fees]" time="0.200" /><testcase classname="tests.seo_ssr_test" name="test_english_default[/]" time="0.258" /><testcase classname="tests.seo_ssr_test" name="test_english_default[/for/creators]" time="0.177" /><testcase classname="tests.seo_ssr_test" name="test_english_default[/help-support/api-and-integrations]" time="0.358" /></testsuite></testsuites>