<?xml version="1.0" encoding="utf-8"?><testsuites name="pytest tests"><testsuite name="pytest" errors="0" failures="0" skipped="0" tests="10" time="16.615" timestamp="2026-09-14T19:49:13.150501+00:00" hostname="agent-env-344a40b3-ff42-4c97-9de3-1b749ec105fa"><testcase classname="backend.tests.test_stepup_gate.TestStepUpGate" name="test_a_payout_auto_gated" time="6.248" /><testcase classname="backend.tests.test_stepup_gate.TestStepUpGate" name="test_b_request_code_payout" time="1.105" /><testcase classname="backend.tests.test_stepup_gate.TestStepUpGate" name="test_c_rate_limit_30s" time="0.918" /><testcase classname="backend.tests.test_stepup_gate.TestStepUpGate" name="test_d_verify_payout" time="1.282" /><testcase classname="backend.tests.test_stepup_gate.TestStepUpGate" name="test_e_status_active" time="0.736" /><testcase classname="backend.tests.test_stepup_gate.TestStepUpGate" name="test_f_retry_passes_gate_but_business_rejects" time="0.924" /><testcase classname="backend.tests.test_stepup_gate.TestStepUpGate" name="test_g_revoke" time="0.917" /><testcase classname="backend.tests.test_stepup_gate.TestStepUpGate" name="test_h_status_inactive_after_revoke" time="0.918" /><testcase classname="backend.tests.test_stepup_gate.TestStepUpGate" name="test_i_scope_isolation_wallet" time="1.107" /><testcase classname="backend.tests.test_stepup_gate.TestStepUpGate" name="test_j_bogus_scope_400" time="2.383" /></testsuite></testsuites>