<?xml version="1.0" encoding="utf-8"?><testsuites name="pytest tests"><testsuite name="pytest" errors="0" failures="1" skipped="0" tests="11" time="4.913" timestamp="2026-08-23T13:48:58.459044+00:00" hostname="agent-env-53d9804c-9f7d-492a-b011-1828bfde1a40"><testcase classname="backend.tests.test_storefront_scope_regression" name="test_health_localhost" time="0.004"><failure message="assert 503 == 200&#10; +  where 503 = &lt;Response [503]&gt;.status_code">backend/tests/test_storefront_scope_regression.py:45: in test_health_localhost
    assert r.status_code == 200
E   assert 503 == 200
E    +  where 503 = &lt;Response [503]&gt;.status_code</failure></testcase><testcase classname="backend.tests.test_storefront_scope_regression" name="test_login_returns_jwt_directly" time="1.403" /><testcase classname="backend.tests.test_storefront_scope_regression" name="test_products_list_with_company_header_ignored" time="0.178" /><testcase classname="backend.tests.test_storefront_scope_regression" name="test_products_categories" time="0.268" /><testcase classname="backend.tests.test_storefront_scope_regression" name="test_creator_profile_new_endpoint" time="0.257" /><testcase classname="backend.tests.test_storefront_scope_regression" name="test_creator_check_handle_own" time="0.426" /><testcase classname="backend.tests.test_storefront_scope_regression" name="test_public_creator_page" time="0.406" /><testcase classname="backend.tests.test_storefront_scope_regression" name="test_public_shop_by_handle" time="0.278" /><testcase classname="backend.tests.test_storefront_scope_regression" name="test_creator_stats" time="0.667" /><testcase classname="backend.tests.test_storefront_scope_regression" name="test_creator_analytics" time="0.243" /><testcase classname="backend.tests.test_storefront_scope_regression" name="test_dashboard_regression" time="0.678" /></testsuite></testsuites>