<?xml version="1.0" encoding="utf-8"?><testsuites name="pytest tests"><testsuite name="pytest" errors="0" failures="0" skipped="0" tests="6" time="6.370" timestamp="2026-08-31T01:47:34.271746+00:00" hostname="agent-env-9a70e7ed-acb4-4580-bf84-4e7e80243a2c"><testcase classname="backend.tests.test_team_accept_regression" name="test_1_owner_login" time="1.119" /><testcase classname="backend.tests.test_team_accept_regression" name="test_2_invite" time="0.573" /><testcase classname="backend.tests.test_team_accept_regression" name="test_3_invite_info" time="0.616" /><testcase classname="backend.tests.test_team_accept_regression" name="test_4_accept_and_notification" time="2.652" /><testcase classname="backend.tests.test_team_accept_regression" name="test_5_team_accept_activity" time="0.298" /><testcase classname="backend.tests.test_team_accept_regression" name="test_6_cleanup" time="1.031" /></testsuite></testsuites>