<?xml version="1.0" encoding="utf-8"?><testsuites name="pytest tests"><testsuite name="pytest" errors="0" failures="1" skipped="0" tests="11" time="21.023" timestamp="2026-09-03T22:47:04.842279+00:00" hostname="agent-env-ca6c51ad-10d4-4491-b39b-dd426814946f"><testcase classname="tests.test_transactions_export.TestExport" name="test_export_status_unpaid" time="7.046" /><testcase classname="tests.test_transactions_export.TestExport" name="test_export_status_settled" time="1.495" /><testcase classname="tests.test_transactions_export.TestExport" name="test_export_status_pending" time="1.353" /><testcase classname="tests.test_transactions_export.TestExport" name="test_export_source_direct" time="2.721" /><testcase classname="tests.test_transactions_export.TestExport" name="test_export_wallet_and_status" time="1.190" /><testcase classname="tests.test_transactions_export.TestExport" name="test_status_chip_beats_settled_only" time="1.205" /><testcase classname="tests.test_transactions_export.TestExport" name="test_settled_only_flag" time="1.357" /><testcase classname="tests.test_transactions_export.TestExport" name="test_export_all_matches_list_total" time="1.362" /><testcase classname="tests.test_transactions_export.TestExport" name="test_export_search_parity_with_ui" time="2.580"><failure message="AssertionError: export search returned 0 rows but UI search shows 68 (backend only searches ut.id / transaction_reference)&#10;assert 0 == 68&#10; +  where 0 = len([])&#10; +  and   68 = len([{'transaction_id': 766, 'id': 'c0dc4211-c845-4586-83d6-aea138e64172', 'user_id': 1, 'payment_mode': 'CRYPTO', ...}, {'transaction_id': 733, 'id': '0da4ccf3-622e-42f2-9781-a0c620c288ad', 'user_id': 1, 'payment_mode': 'CRYPTO', ...}, {'transaction_id': 732, 'id': 'a2e512ca-c430-4a50-b053-52aed1650823', 'user_id': 1, 'payment_mode': 'CRYPTO', ...}, {'transaction_id': 731, 'id': '5fd54a88-e19a-4b6c-9c5d-0a1fe745fa51', 'user_id': 1, 'payment_mode': 'CRYPTO', ...}, {'transaction_id': 730, 'id': '2f1ee631-ec81-41ae-965d-18be9d0920fb', 'user_id': 1, 'payment_mode': 'CRYPTO', ...}, {'transaction_id': 729, 'id': '406446b2-30dd-4cba-9453-d7143ab96ff3', 'user_id': 1, 'payment_mode': 'CRYPTO', ...}, ...])">tests/test_transactions_export.py:173: in test_export_search_parity_with_ui
    assert len(rows) == len(expected), (
E   AssertionError: export search returned 0 rows but UI search shows 68 (backend only searches ut.id / transaction_reference)
E   assert 0 == 68
E    +  where 0 = len([])
E    +  and   68 = len([{'transaction_id': 766, 'id': 'c0dc4211-c845-4586-83d6-aea138e64172', 'user_id': 1, 'payment_mode': 'CRYPTO', ...}, {'transaction_id': 733, 'id': '0da4ccf3-622e-42f2-9781-a0c620c288ad', 'user_id': 1, 'payment_mode': 'CRYPTO', ...}, {'transaction_id': 732, 'id': 'a2e512ca-c430-4a50-b053-52aed1650823', 'user_id': 1, 'payment_mode': 'CRYPTO', ...}, {'transaction_id': 731, 'id': '5fd54a88-e19a-4b6c-9c5d-0a1fe745fa51', 'user_id': 1, 'payment_mode': 'CRYPTO', ...}, {'transaction_id': 730, 'id': '2f1ee631-ec81-41ae-965d-18be9d0920fb', 'user_id': 1, 'payment_mode': 'CRYPTO', ...}, {'transaction_id': 729, 'id': '406446b2-30dd-4cba-9453-d7143ab96ff3', 'user_id': 1, 'payment_mode': 'CRYPTO', ...}, ...])</failure></testcase><testcase classname="tests.test_transactions_export.TestExport" name="test_export_foreign_company_forbidden" time="0.448" /><testcase classname="tests.test_transactions_export.TestExport" name="test_export_requires_auth" time="0.174" /></testsuite></testsuites>