<?xml version="1.0" encoding="utf-8"?><testsuites name="pytest tests"><testsuite name="pytest" errors="0" failures="0" skipped="0" tests="6" time="10.817" timestamp="2026-09-14T08:33:11.957175+00:00" hostname="agent-env-517981d1-c60b-4b1e-baab-67689eb8351c"><testcase classname="backend.tests.test_webhook_refactor_regression" name="test_health_healthy" time="0.556" /><testcase classname="backend.tests.test_webhook_refactor_regression" name="test_get_webhook_settings_min_order_column_intact" time="5.026" /><testcase classname="backend.tests.test_webhook_refactor_regression" name="test_rotate_webhook_secret_sets_previous_valid_until" time="1.670" /><testcase classname="backend.tests.test_webhook_refactor_regression" name="test_get_webhook_settings_reflects_previous_valid_until" time="1.843" /><testcase classname="backend.tests.test_webhook_refactor_regression" name="test_resend_delivery_nonexistent_returns_404" time="1.666" /><testcase classname="backend.tests.test_webhook_refactor_regression" name="test_resend_delivery_requires_auth" time="0.003" /></testsuite></testsuites>